<?xml version="1.0" encoding="UTF-8"?>
<!-- Generated by org.testng.reporters.JUnitReportReporter -->
<testsuite hostname="DESKTOP-LTKBB09" failures="0" tests="3" name="com.jostens.qa.testcases.ProductDetailPageTest" time="73.643" errors="0" timestamp="2021-01-31T13:50:30 CST" skipped="0">
  <testcase classname="com.jostens.qa.testcases.ProductDetailPageTest" name="cproductSearchTest" time="23.421"/>
  <system-out/>
  <testcase classname="com.jostens.qa.testcases.ProductDetailPageTest" name="cproductSearchTest" time="22.446"/>
  <system-out/>
  <testcase classname="com.jostens.qa.testcases.ProductDetailPageTest" name="cproductSearchTest" time="27.776"/>
  <system-out/>
</testsuite> <!-- com.jostens.qa.testcases.ProductDetailPageTest -->
