<?xml version="1.0" encoding="UTF-8"?>
<!-- Generated by org.testng.reporters.JUnitReportReporter -->
<testsuite hostname="DESKTOP-LTKBB09" failures="0" tests="1" name="com.jostens.qa.testcases.LoginPageTest" time="9.104" errors="0" timestamp="2021-02-15T21:58:01 CST" skipped="0">
  <testcase classname="com.jostens.qa.testcases.LoginPageTest" name="aLoginTest" time="9.104"/>
  <system-out/>
</testsuite> <!-- com.jostens.qa.testcases.LoginPageTest -->
