<?xml version="1.0" encoding="UTF-8"?>
<!-- Generated by org.testng.reporters.JUnitReportReporter -->
<testsuite hostname="DESKTOP-LTKBB09" failures="0" tests="3" name="com.jostens.qa.testcases.ECheckoutPageTest" time="60.302" errors="0" timestamp="2021-02-16T11:39:11 CST" skipped="0">
  <testcase classname="com.jostens.qa.testcases.ECheckoutPageTest" name="proceedWithCheckoutTest" time="20.319"/>
  <system-out/>
  <testcase classname="com.jostens.qa.testcases.ECheckoutPageTest" name="proceedWithCheckoutTest" time="21.181"/>
  <system-out/>
  <testcase classname="com.jostens.qa.testcases.ECheckoutPageTest" name="proceedWithCheckoutTest" time="18.802"/>
  <system-out/>
</testsuite> <!-- com.jostens.qa.testcases.ECheckoutPageTest -->
