<?xml version="1.0" encoding="UTF-8"?>
<!-- Generated by org.testng.reporters.JUnitReportReporter -->
<testsuite hostname="DESKTOP-LTKBB09" failures="0" tests="2" name="com.jostens.qa.testcases.BSearchSchoolPageTest" time="18.037" errors="0" timestamp="2021-02-16T11:39:11 CST" skipped="0">
  <testcase classname="com.jostens.qa.testcases.BSearchSchoolPageTest" name="searchSchoolTest" time="7.383"/>
  <system-out/>
  <testcase classname="com.jostens.qa.testcases.BSearchSchoolPageTest" name="searchSchoolTest" time="10.654"/>
  <system-out/>
</testsuite> <!-- com.jostens.qa.testcases.BSearchSchoolPageTest -->
