<?xml version="1.0" encoding="UTF-8"?>
<!-- Generated by org.testng.reporters.JUnitReportReporter -->
<testsuite hostname="DESKTOP-LTKBB09" failures="0" tests="6" name="com.jostens.qa.testcases.CheckoutPageTest" time="24.819" errors="0" timestamp="2021-02-15T21:58:01 CST" skipped="0">
  <testcase classname="com.jostens.qa.testcases.CheckoutPageTest" name="eProceedWithCheckoutTest" time="7.337"/>
  <system-out/>
  <testcase classname="com.jostens.qa.testcases.CheckoutPageTest" name="fCheckoutListVerification" time="0.195"/>
  <system-out/>
  <testcase classname="com.jostens.qa.testcases.CheckoutPageTest" name="eProceedWithCheckoutTest" time="9.695"/>
  <system-out/>
  <testcase classname="com.jostens.qa.testcases.CheckoutPageTest" name="fCheckoutListVerification" time="0.221"/>
  <system-out/>
  <testcase classname="com.jostens.qa.testcases.CheckoutPageTest" name="eProceedWithCheckoutTest" time="7.189"/>
  <system-out/>
  <testcase classname="com.jostens.qa.testcases.CheckoutPageTest" name="fCheckoutListVerification" time="0.182"/>
  <system-out/>
</testsuite> <!-- com.jostens.qa.testcases.CheckoutPageTest -->
