<?xml version="1.0" encoding="UTF-8"?>
<!-- Generated by org.testng.reporters.JUnitReportReporter -->
<testsuite hostname="DESKTOP-LTKBB09" failures="0" tests="3" name="com.jostens.qa.testcases.DShoppingCartPageTest" time="6.000" errors="0" timestamp="2021-02-16T09:19:52 CST" skipped="0">
  <testcase classname="com.jostens.qa.testcases.DShoppingCartPageTest" name="addProductToCartTest" time="3.753"/>
  <system-out/>
  <testcase classname="com.jostens.qa.testcases.DShoppingCartPageTest" name="addProductToCartTest" time="1.041"/>
  <system-out/>
  <testcase classname="com.jostens.qa.testcases.DShoppingCartPageTest" name="addProductToCartTest" time="1.206"/>
  <system-out/>
</testsuite> <!-- com.jostens.qa.testcases.DShoppingCartPageTest -->
