<?xml version="1.0" encoding="UTF-8"?>
<!-- Generated by org.testng.reporters.JUnitReportReporter -->
<testsuite hostname="DESKTOP-LTKBB09" failures="0" tests="3" name="com.jostens.qa.testcases.ProductDetailPageTest" time="75.944" errors="0" timestamp="2021-01-31T15:55:29 CST" skipped="0">
  <testcase classname="com.jostens.qa.testcases.ProductDetailPageTest" name="cproductSearchTest" time="22.768"/>
  <system-out/>
  <testcase classname="com.jostens.qa.testcases.ProductDetailPageTest" name="cproductSearchTest" time="28.777"/>
  <system-out/>
  <testcase classname="com.jostens.qa.testcases.ProductDetailPageTest" name="cproductSearchTest" time="24.399"/>
  <system-out/>
</testsuite> <!-- com.jostens.qa.testcases.ProductDetailPageTest -->
