<?xml version="1.0" encoding="UTF-8"?>
<!-- Generated by org.testng.reporters.JUnitReportReporter -->
<testsuite hostname="DESKTOP-LTKBB09" failures="0" tests="1" name="com.jostens.qa.testcases.PaymentPageTest" time="0.037" errors="0" timestamp="2021-02-07T14:14:11 CST" skipped="1">
  <testcase classname="com.jostens.qa.testcases.PaymentPageTest" name="paymentPageTest" time="0.037">
    <skipped/>
  </testcase> <!-- paymentPageTest -->
  <system-out/>
</testsuite> <!-- com.jostens.qa.testcases.PaymentPageTest -->
