<?xml version="1.0" encoding="UTF-8"?>
<!-- Generated by org.testng.reporters.JUnitReportReporter -->
<testsuite hostname="DESKTOP-LTKBB09" failures="0" tests="1" name="com.jostens.qa.testcases.LoginPageTest" time="6.289" errors="0" timestamp="2021-01-31T20:52:28 CST" skipped="0">
  <testcase classname="com.jostens.qa.testcases.LoginPageTest" name="loginTest" time="6.289"/>
  <system-out/>
</testsuite> <!-- com.jostens.qa.testcases.LoginPageTest -->
