<?xml version="1.0" encoding="UTF-8"?>
<!-- Generated by org.testng.reporters.JUnitReportReporter -->
<testsuite hostname="DESKTOP-LTKBB09" failures="0" tests="1" name="com.jostens.qa.testcases.PaymentPageTest" time="16.236" errors="0" timestamp="2021-02-15T20:38:02 CST" skipped="0">
  <testcase classname="com.jostens.qa.testcases.PaymentPageTest" name="paymentPageTest" time="16.236"/>
  <system-out/>
</testsuite> <!-- com.jostens.qa.testcases.PaymentPageTest -->
