<?xml version="1.0" encoding="UTF-8"?>
<!-- Generated by org.testng.reporters.JUnitReportReporter -->
<testsuite hostname="DESKTOP-LTKBB09" failures="0" tests="2" name="com.jostens.qa.testcases.SearchSchoolPageTest" time="6.616" errors="0" timestamp="2021-01-31T20:52:28 CST" skipped="0">
  <testcase classname="com.jostens.qa.testcases.SearchSchoolPageTest" name="searchSchoolTest" time="3.660"/>
  <system-out/>
  <testcase classname="com.jostens.qa.testcases.SearchSchoolPageTest" name="searchSchoolTest" time="2.956"/>
  <system-out/>
</testsuite> <!-- com.jostens.qa.testcases.SearchSchoolPageTest -->
