<?xml version="1.0" encoding="UTF-8"?>
<!-- Generated by org.testng.reporters.JUnitReportReporter -->
<testsuite hostname="DESKTOP-LTKBB09" failures="0" tests="3" name="com.jostens.qa.testcases.CProductDetailPageTest" time="129.186" errors="0" timestamp="2021-02-16T11:39:11 CST" skipped="0">
  <testcase classname="com.jostens.qa.testcases.CProductDetailPageTest" name="productSearchTest" time="34.545"/>
  <system-out/>
  <testcase classname="com.jostens.qa.testcases.CProductDetailPageTest" name="productSearchTest" time="49.972"/>
  <system-out/>
  <testcase classname="com.jostens.qa.testcases.CProductDetailPageTest" name="productSearchTest" time="44.669"/>
  <system-out/>
</testsuite> <!-- com.jostens.qa.testcases.CProductDetailPageTest -->
