<?xml version="1.0" encoding="UTF-8"?>
<!-- Generated by org.testng.reporters.JUnitReportReporter -->
<testsuite hostname="DESKTOP-LTKBB09" failures="0" tests="6" name="com.jostens.qa.testcases.CheckoutPageTest" time="24.108" errors="0" timestamp="2021-02-15T20:29:36 CST" skipped="0">
  <testcase classname="com.jostens.qa.testcases.CheckoutPageTest" name="proceedWithCheckoutTest" time="8.993"/>
  <system-out/>
  <testcase classname="com.jostens.qa.testcases.CheckoutPageTest" name="proceedWithCheckoutTest" time="7.373"/>
  <system-out/>
  <testcase classname="com.jostens.qa.testcases.CheckoutPageTest" name="proceedWithCheckoutTest" time="7.118"/>
  <system-out/>
  <testcase classname="com.jostens.qa.testcases.CheckoutPageTest" name="checkoutListVerification" time="0.206"/>
  <system-out/>
  <testcase classname="com.jostens.qa.testcases.CheckoutPageTest" name="checkoutListVerification" time="0.197"/>
  <system-out/>
  <testcase classname="com.jostens.qa.testcases.CheckoutPageTest" name="checkoutListVerification" time="0.221"/>
  <system-out/>
</testsuite> <!-- com.jostens.qa.testcases.CheckoutPageTest -->
