<?xml version="1.0" encoding="UTF-8"?>
<!-- Generated by org.testng.reporters.JUnitReportReporter -->
<testsuite hostname="DESKTOP-LTKBB09" failures="0" tests="1" name="com.jostens.qa.testcases.PaymentPageTest" time="15.886" errors="0" timestamp="2021-01-31T15:55:29 CST" skipped="0">
  <testcase classname="com.jostens.qa.testcases.PaymentPageTest" name="gtest" time="15.886"/>
  <system-out/>
</testsuite> <!-- com.jostens.qa.testcases.PaymentPageTest -->
