<?xml version="1.0" encoding="UTF-8"?>
<!-- Generated by org.testng.reporters.JUnitReportReporter -->
<testsuite hostname="DESKTOP-LTKBB09" failures="0" tests="1" name="com.jostens.qa.testcases.ALoginPageTest" time="31.787" errors="0" timestamp="2021-02-16T11:39:11 CST" skipped="0">
  <testcase classname="com.jostens.qa.testcases.ALoginPageTest" name="loginTest" time="31.787"/>
  <system-out/>
</testsuite> <!-- com.jostens.qa.testcases.ALoginPageTest -->
