<?xml version="1.0" encoding="UTF-8"?>
<!-- Generated by org.testng.reporters.JUnitReportReporter -->
<testsuite hostname="DESKTOP-LTKBB09" failures="0" tests="2" name="com.jostens.qa.testcases.BSearchSchoolPageTest" time="13.289" errors="0" timestamp="2021-02-16T09:19:52 CST" skipped="0">
  <testcase classname="com.jostens.qa.testcases.BSearchSchoolPageTest" name="searchSchoolTest" time="7.383"/>
  <system-out/>
  <testcase classname="com.jostens.qa.testcases.BSearchSchoolPageTest" name="searchSchoolTest" time="5.906"/>
  <system-out/>
</testsuite> <!-- com.jostens.qa.testcases.BSearchSchoolPageTest -->
