<?xml version="1.0" encoding="UTF-8"?>
<!-- Generated by org.testng.reporters.JUnitReportReporter -->
<testsuite hostname="DESKTOP-LTKBB09" failures="0" tests="6" name="com.jostens.qa.testcases.CheckoutPageTest" time="28.413" errors="0" timestamp="2021-01-31T20:52:28 CST" skipped="0">
  <testcase classname="com.jostens.qa.testcases.CheckoutPageTest" name="proceedWithCheckoutTest" time="9.765"/>
  <system-out/>
  <testcase classname="com.jostens.qa.testcases.CheckoutPageTest" name="proceedWithCheckoutTest" time="9.215"/>
  <system-out/>
  <testcase classname="com.jostens.qa.testcases.CheckoutPageTest" name="proceedWithCheckoutTest" time="8.772"/>
  <system-out/>
  <testcase classname="com.jostens.qa.testcases.CheckoutPageTest" name="checkoutListVerification" time="0.197"/>
  <system-out/>
  <testcase classname="com.jostens.qa.testcases.CheckoutPageTest" name="checkoutListVerification" time="0.234"/>
  <system-out/>
  <testcase classname="com.jostens.qa.testcases.CheckoutPageTest" name="checkoutListVerification" time="0.230"/>
  <system-out/>
</testsuite> <!-- com.jostens.qa.testcases.CheckoutPageTest -->
