<?xml version="1.0" encoding="UTF-8"?>
<!-- Generated by org.testng.reporters.JUnitReportReporter -->
<testsuite hostname="DESKTOP-LTKBB09" failures="0" tests="3" name="com.jostens.qa.testcases.ECheckoutPageTest" time="53.894" errors="0" timestamp="2021-02-20T19:08:04 CST" skipped="0">
  <testcase classname="com.jostens.qa.testcases.ECheckoutPageTest" name="proceedWithCheckoutTest" time="20.045"/>
  <system-out/>
  <testcase classname="com.jostens.qa.testcases.ECheckoutPageTest" name="proceedWithCheckoutTest" time="15.567"/>
  <system-out/>
  <testcase classname="com.jostens.qa.testcases.ECheckoutPageTest" name="proceedWithCheckoutTest" time="18.282"/>
  <system-out/>
</testsuite> <!-- com.jostens.qa.testcases.ECheckoutPageTest -->
