<?xml version="1.0" encoding="UTF-8"?>
<!-- Generated by org.testng.reporters.JUnitReportReporter -->
<testsuite hostname="DESKTOP-LTKBB09" failures="0" tests="1" name="com.jostens.qa.testcases.LoginPageTest" time="8.999" errors="0" timestamp="2021-01-31T13:50:30 CST" skipped="0">
  <testcase classname="com.jostens.qa.testcases.LoginPageTest" name="aloginTest" time="8.999"/>
  <system-out/>
</testsuite> <!-- com.jostens.qa.testcases.LoginPageTest -->
