<?xml version="1.0" encoding="UTF-8"?>
<!-- Generated by org.testng.reporters.JUnitReportReporter -->
<testsuite hostname="DESKTOP-LTKBB09" failures="0" tests="3" name="com.jostens.qa.testcases.ECheckoutPageTest" time="61.003" errors="0" timestamp="2021-02-16T09:19:52 CST" skipped="0">
  <testcase classname="com.jostens.qa.testcases.ECheckoutPageTest" name="proceedWithCheckoutTest" time="19.427"/>
  <system-out/>
  <testcase classname="com.jostens.qa.testcases.ECheckoutPageTest" name="proceedWithCheckoutTest" time="25.207"/>
  <system-out/>
  <testcase classname="com.jostens.qa.testcases.ECheckoutPageTest" name="proceedWithCheckoutTest" time="16.369"/>
  <system-out/>
</testsuite> <!-- com.jostens.qa.testcases.ECheckoutPageTest -->
