<?xml version="1.0" encoding="UTF-8"?>
<!-- Generated by org.testng.reporters.JUnitReportReporter -->
<testsuite hostname="DESKTOP-LTKBB09" failures="0" tests="3" name="com.jostens.qa.testcases.ShoppingCartPageTest" time="2.376" errors="0" timestamp="2021-01-31T13:50:30 CST" skipped="0">
  <testcase classname="com.jostens.qa.testcases.ShoppingCartPageTest" name="daddProductToCartTest" time="0.225"/>
  <system-out/>
  <testcase classname="com.jostens.qa.testcases.ShoppingCartPageTest" name="daddProductToCartTest" time="0.216"/>
  <system-out/>
  <testcase classname="com.jostens.qa.testcases.ShoppingCartPageTest" name="daddProductToCartTest" time="1.935"/>
  <system-out/>
</testsuite> <!-- com.jostens.qa.testcases.ShoppingCartPageTest -->
