<?xml version="1.0" encoding="UTF-8"?>
<!-- Generated by org.testng.reporters.JUnitReportReporter -->
<testsuite hostname="DESKTOP-LTKBB09" failures="0" tests="3" name="com.jostens.qa.testcases.CProductDetailPageTest" time="102.839" errors="0" timestamp="2021-02-20T19:08:04 CST" skipped="0">
  <testcase classname="com.jostens.qa.testcases.CProductDetailPageTest" name="productSearchTest" time="36.928"/>
  <system-out/>
  <testcase classname="com.jostens.qa.testcases.CProductDetailPageTest" name="productSearchTest" time="33.615"/>
  <system-out/>
  <testcase classname="com.jostens.qa.testcases.CProductDetailPageTest" name="productSearchTest" time="32.296"/>
  <system-out/>
</testsuite> <!-- com.jostens.qa.testcases.CProductDetailPageTest -->
