<?xml version="1.0" encoding="UTF-8"?>
<!-- Generated by org.testng.reporters.JUnitReportReporter -->
<testsuite hostname="DESKTOP-LTKBB09" failures="0" tests="3" name="com.jostens.qa.testcases.ProductDetailPageTest" time="88.148" errors="0" timestamp="2021-02-07T14:14:11 CST" skipped="0">
  <testcase classname="com.jostens.qa.testcases.ProductDetailPageTest" name="productSearchTest" time="28.442"/>
  <system-out/>
  <testcase classname="com.jostens.qa.testcases.ProductDetailPageTest" name="productSearchTest" time="32.303"/>
  <system-out/>
  <testcase classname="com.jostens.qa.testcases.ProductDetailPageTest" name="productSearchTest" time="27.403"/>
  <system-out/>
</testsuite> <!-- com.jostens.qa.testcases.ProductDetailPageTest -->
