<?xml version="1.0" encoding="UTF-8"?>
<!-- Generated by org.testng.reporters.JUnitReportReporter -->
<testsuite hostname="DESKTOP-LTKBB09" failures="0" tests="2" name="com.jostens.qa.testcases.SearchSchoolPageTest" time="8.352" errors="0" timestamp="2021-01-31T13:50:30 CST" skipped="0">
  <testcase classname="com.jostens.qa.testcases.SearchSchoolPageTest" name="bsearchSchoolTest" time="3.245"/>
  <system-out/>
  <testcase classname="com.jostens.qa.testcases.SearchSchoolPageTest" name="bsearchSchoolTest" time="5.107"/>
  <system-out/>
</testsuite> <!-- com.jostens.qa.testcases.SearchSchoolPageTest -->
