<?xml version="1.0" encoding="UTF-8"?>
<!-- Generated by org.testng.reporters.JUnitReportReporter -->
<testsuite hostname="DESKTOP-LTKBB09" failures="0" tests="1" name="com.jostens.qa.testcases.FPaymentPageTest" time="0.102" errors="0" timestamp="2021-02-20T19:08:04 CST" skipped="0">
  <testcase classname="com.jostens.qa.testcases.FPaymentPageTest" name="paymentPageTest" time="0.102"/>
  <system-out/>
</testsuite> <!-- com.jostens.qa.testcases.FPaymentPageTest -->
