<?xml version="1.0" encoding="UTF-8"?>
<!-- Generated by org.testng.reporters.JUnitReportReporter -->
<testsuite hostname="DESKTOP-LTKBB09" failures="0" tests="2" name="com.jostens.qa.testcases.BSearchSchoolPageTest" time="11.955" errors="0" timestamp="2021-02-20T19:08:04 CST" skipped="0">
  <testcase classname="com.jostens.qa.testcases.BSearchSchoolPageTest" name="searchSchoolTest" time="4.366"/>
  <system-out/>
  <testcase classname="com.jostens.qa.testcases.BSearchSchoolPageTest" name="searchSchoolTest" time="7.589"/>
  <system-out/>
</testsuite> <!-- com.jostens.qa.testcases.BSearchSchoolPageTest -->
