<?xml version="1.0" encoding="UTF-8"?>
<!-- Generated by org.testng.reporters.JUnitReportReporter -->
<testsuite hostname="DESKTOP-LTKBB09" failures="0" tests="1" name="com.jostens.qa.testcases.LoginPageTest" time="7.723" errors="0" timestamp="2021-01-31T21:21:58 CST" skipped="0">
  <testcase classname="com.jostens.qa.testcases.LoginPageTest" name="loginTest" time="7.723"/>
  <system-out/>
</testsuite> <!-- com.jostens.qa.testcases.LoginPageTest -->
