<?xml version="1.0" encoding="UTF-8"?>
<!-- Generated by org.testng.reporters.JUnitReportReporter -->
<testsuite hostname="DESKTOP-LTKBB09" failures="0" tests="2" name="com.jostens.qa.testcases.SearchSchoolPageTest" time="5.152" errors="0" timestamp="2021-02-15T20:38:02 CST" skipped="0">
  <testcase classname="com.jostens.qa.testcases.SearchSchoolPageTest" name="searchSchoolTest" time="2.904"/>
  <system-out/>
  <testcase classname="com.jostens.qa.testcases.SearchSchoolPageTest" name="searchSchoolTest" time="2.248"/>
  <system-out/>
</testsuite> <!-- com.jostens.qa.testcases.SearchSchoolPageTest -->
