<?xml version="1.0" encoding="UTF-8"?>
<!-- Generated by org.testng.reporters.JUnitReportReporter -->
<testsuite hostname="DESKTOP-LTKBB09" failures="0" tests="3" name="com.jostens.qa.testcases.ProductDetailPageTest" time="86.519" errors="0" timestamp="2021-02-15T20:38:02 CST" skipped="0">
  <testcase classname="com.jostens.qa.testcases.ProductDetailPageTest" name="productSearchTest" time="27.533"/>
  <system-out/>
  <testcase classname="com.jostens.qa.testcases.ProductDetailPageTest" name="productSearchTest" time="27.053"/>
  <system-out/>
  <testcase classname="com.jostens.qa.testcases.ProductDetailPageTest" name="productSearchTest" time="31.933"/>
  <system-out/>
</testsuite> <!-- com.jostens.qa.testcases.ProductDetailPageTest -->
