<?xml version="1.0" encoding="UTF-8"?>
<!-- Generated by org.testng.reporters.JUnitReportReporter -->
<testsuite hostname="DESKTOP-LTKBB09" failures="0" tests="1" name="com.jostens.qa.testcases.LoginPageTest" time="5.728" errors="0" timestamp="2021-02-15T20:50:15 CST" skipped="0">
  <testcase classname="com.jostens.qa.testcases.LoginPageTest" name="loginTest" time="5.728"/>
  <system-out/>
</testsuite> <!-- com.jostens.qa.testcases.LoginPageTest -->
