<?xml version="1.0" encoding="UTF-8"?>
<!-- Generated by org.testng.reporters.JUnitReportReporter -->
<testsuite hostname="DESKTOP-LTKBB09" failures="0" tests="6" name="com.jostens.qa.testcases.CheckoutPageTest" time="28.152" errors="0" timestamp="2021-02-15T20:50:15 CST" skipped="0">
  <testcase classname="com.jostens.qa.testcases.CheckoutPageTest" name="proceedWithCheckoutTest" time="11.041"/>
  <system-out/>
  <testcase classname="com.jostens.qa.testcases.CheckoutPageTest" name="proceedWithCheckoutTest" time="7.281"/>
  <system-out/>
  <testcase classname="com.jostens.qa.testcases.CheckoutPageTest" name="proceedWithCheckoutTest" time="9.176"/>
  <system-out/>
  <testcase classname="com.jostens.qa.testcases.CheckoutPageTest" name="checkoutListVerification" time="0.215"/>
  <system-out/>
  <testcase classname="com.jostens.qa.testcases.CheckoutPageTest" name="checkoutListVerification" time="0.251"/>
  <system-out/>
  <testcase classname="com.jostens.qa.testcases.CheckoutPageTest" name="checkoutListVerification" time="0.188"/>
  <system-out/>
</testsuite> <!-- com.jostens.qa.testcases.CheckoutPageTest -->
