<?xml version="1.0" encoding="UTF-8"?>
<!-- Generated by org.testng.reporters.JUnitReportReporter -->
<testsuite hostname="DESKTOP-LTKBB09" failures="0" tests="6" name="com.jostens.qa.testcases.CheckoutPageTest" time="23.990" errors="0" timestamp="2021-02-15T19:19:45 CST" skipped="0">
  <testcase classname="com.jostens.qa.testcases.CheckoutPageTest" name="proceedWithCheckoutTest" time="7.127"/>
  <system-out/>
  <testcase classname="com.jostens.qa.testcases.CheckoutPageTest" name="proceedWithCheckoutTest" time="8.885"/>
  <system-out/>
  <testcase classname="com.jostens.qa.testcases.CheckoutPageTest" name="proceedWithCheckoutTest" time="7.332"/>
  <system-out/>
  <testcase classname="com.jostens.qa.testcases.CheckoutPageTest" name="checkoutListVerification" time="0.202"/>
  <system-out/>
  <testcase classname="com.jostens.qa.testcases.CheckoutPageTest" name="checkoutListVerification" time="0.257"/>
  <system-out/>
  <testcase classname="com.jostens.qa.testcases.CheckoutPageTest" name="checkoutListVerification" time="0.187"/>
  <system-out/>
</testsuite> <!-- com.jostens.qa.testcases.CheckoutPageTest -->
