<?xml version="1.0" encoding="UTF-8"?>
<!-- Generated by org.testng.reporters.JUnitReportReporter -->
<testsuite skipped="0" hostname="L7MN000108180" name="com.jostens.qa.testcases.SchoolStorePageTest" tests="3" failures="0" timestamp="2021-01-27T14:12:12 CST" time="85.648" errors="0">
  <testcase name="cproductSearchTest" time="35.729" classname="com.jostens.qa.testcases.SchoolStorePageTest"/>
  <system-out/>
  <testcase name="cproductSearchTest" time="26.482" classname="com.jostens.qa.testcases.SchoolStorePageTest"/>
  <system-out/>
  <testcase name="cproductSearchTest" time="23.437" classname="com.jostens.qa.testcases.SchoolStorePageTest"/>
  <system-out/>
</testsuite> <!-- com.jostens.qa.testcases.SchoolStorePageTest -->
