<?xml version="1.0" encoding="UTF-8"?>
<!-- Generated by org.testng.reporters.JUnitReportReporter -->
<testsuite hostname="DESKTOP-LTKBB09" failures="0" tests="3" name="com.jostens.qa.testcases.CProductDetailPageTest" time="105.027" errors="0" timestamp="2021-02-16T09:19:52 CST" skipped="0">
  <testcase classname="com.jostens.qa.testcases.CProductDetailPageTest" name="productSearchTest" time="33.202"/>
  <system-out/>
  <testcase classname="com.jostens.qa.testcases.CProductDetailPageTest" name="productSearchTest" time="38.584"/>
  <system-out/>
  <testcase classname="com.jostens.qa.testcases.CProductDetailPageTest" name="productSearchTest" time="33.241"/>
  <system-out/>
</testsuite> <!-- com.jostens.qa.testcases.CProductDetailPageTest -->
