<?xml version="1.0" encoding="UTF-8"?>
<!-- Generated by org.testng.reporters.JUnitReportReporter -->
<testsuite hostname="DESKTOP-LTKBB09" failures="0" tests="3" name="com.jostens.qa.testcases.DShoppingCartPageTest" time="8.065" errors="0" timestamp="2021-02-20T19:08:04 CST" skipped="0">
  <testcase classname="com.jostens.qa.testcases.DShoppingCartPageTest" name="addProductToCartTest" time="4.612"/>
  <system-out/>
  <testcase classname="com.jostens.qa.testcases.DShoppingCartPageTest" name="addProductToCartTest" time="1.893"/>
  <system-out/>
  <testcase classname="com.jostens.qa.testcases.DShoppingCartPageTest" name="addProductToCartTest" time="1.560"/>
  <system-out/>
</testsuite> <!-- com.jostens.qa.testcases.DShoppingCartPageTest -->
