<?xml version="1.0" encoding="UTF-8"?>
<!-- Generated by org.testng.reporters.JUnitReportReporter -->
<testsuite hostname="DESKTOP-LTKBB09" failures="0" tests="3" name="com.jostens.qa.testcases.ProductDetailPageTest" time="91.666" errors="0" timestamp="2021-01-31T21:21:58 CST" skipped="0">
  <testcase classname="com.jostens.qa.testcases.ProductDetailPageTest" name="productSearchTest" time="30.220"/>
  <system-out/>
  <testcase classname="com.jostens.qa.testcases.ProductDetailPageTest" name="productSearchTest" time="28.981"/>
  <system-out/>
  <testcase classname="com.jostens.qa.testcases.ProductDetailPageTest" name="productSearchTest" time="32.465"/>
  <system-out/>
</testsuite> <!-- com.jostens.qa.testcases.ProductDetailPageTest -->
