<?xml version="1.0" encoding="UTF-8"?>
<!-- Generated by org.testng.reporters.JUnitReportReporter -->
<testsuite hostname="DESKTOP-LTKBB09" failures="0" tests="3" name="com.jostens.qa.testcases.DShoppingCartPageTest" time="8.236" errors="0" timestamp="2021-02-16T11:39:11 CST" skipped="0">
  <testcase classname="com.jostens.qa.testcases.DShoppingCartPageTest" name="addProductToCartTest" time="4.552"/>
  <system-out/>
  <testcase classname="com.jostens.qa.testcases.DShoppingCartPageTest" name="addProductToCartTest" time="2.341"/>
  <system-out/>
  <testcase classname="com.jostens.qa.testcases.DShoppingCartPageTest" name="addProductToCartTest" time="1.343"/>
  <system-out/>
</testsuite> <!-- com.jostens.qa.testcases.DShoppingCartPageTest -->
