<?xml version="1.0" encoding="UTF-8"?>
<!-- Generated by org.testng.reporters.JUnitReportReporter -->
<testsuite skipped="0" hostname="DESKTOP-LTKBB09" name="com.jostens.qa.testcases.CProductDetailPageTest" tests="6" failures="0" timestamp="2021-02-20T20:11:17 CST" time="239.582" errors="0">
  <testcase name="productSearchTest" time="37.783" classname="com.jostens.qa.testcases.CProductDetailPageTest"/>
  <system-out/>
  <testcase name="productSearchTest" time="33.436" classname="com.jostens.qa.testcases.CProductDetailPageTest"/>
  <system-out/>
  <testcase name="productSearchTest" time="41.777" classname="com.jostens.qa.testcases.CProductDetailPageTest"/>
  <system-out/>
  <testcase name="productSearchTest" time="33.707" classname="com.jostens.qa.testcases.CProductDetailPageTest"/>
  <system-out/>
  <testcase name="productSearchTest" time="38.347" classname="com.jostens.qa.testcases.CProductDetailPageTest"/>
  <system-out/>
  <testcase name="productSearchTest" time="54.532" classname="com.jostens.qa.testcases.CProductDetailPageTest"/>
  <system-out/>
</testsuite> <!-- com.jostens.qa.testcases.CProductDetailPageTest -->
