<?xml version="1.0" encoding="UTF-8"?>
<!-- Generated by org.testng.reporters.JUnitReportReporter -->
<testsuite skipped="0" hostname="DESKTOP-LTKBB09" name="com.jostens.qa.testcases.BSearchSchoolPageTest" tests="2" failures="0" timestamp="2021-02-20T20:11:17 CST" time="26.819" errors="0">
  <testcase name="searchSchoolTest" time="19.591" classname="com.jostens.qa.testcases.BSearchSchoolPageTest"/>
  <system-out/>
  <testcase name="searchSchoolTest" time="7.228" classname="com.jostens.qa.testcases.BSearchSchoolPageTest"/>
  <system-out/>
</testsuite> <!-- com.jostens.qa.testcases.BSearchSchoolPageTest -->
