<?xml version="1.0" encoding="UTF-8"?>
<!-- Generated by org.testng.reporters.JUnitReportReporter -->
<testsuite skipped="2" hostname="DESKTOP-LTKBB09" name="com.jostens.qa.testcases.FPaymentPageTest" tests="2" failures="0" timestamp="2021-02-20T20:11:17 CST" time="0.063" errors="0">
  <testcase name="paymentPageTest" time="0.035" classname="com.jostens.qa.testcases.FPaymentPageTest">
    <skipped/>
  </testcase> <!-- paymentPageTest -->
  <system-out/>
  <testcase name="paymentPageTest" time="0.028" classname="com.jostens.qa.testcases.FPaymentPageTest">
    <skipped/>
  </testcase> <!-- paymentPageTest -->
  <system-out/>
</testsuite> <!-- com.jostens.qa.testcases.FPaymentPageTest -->
