<?xml version="1.0" encoding="UTF-8"?>
<!-- Generated by org.testng.reporters.JUnitReportReporter -->
<testsuite skipped="0" hostname="DESKTOP-LTKBB09" name="com.jostens.qa.testcases.DShoppingCartPageTest" tests="6" failures="0" timestamp="2021-02-20T20:11:17 CST" time="15.831" errors="0">
  <testcase name="addProductToCartTest" time="2.077" classname="com.jostens.qa.testcases.DShoppingCartPageTest"/>
  <system-out/>
  <testcase name="addProductToCartTest" time="1.139" classname="com.jostens.qa.testcases.DShoppingCartPageTest"/>
  <system-out/>
  <testcase name="addProductToCartTest" time="3.926" classname="com.jostens.qa.testcases.DShoppingCartPageTest"/>
  <system-out/>
  <testcase name="addProductToCartTest" time="1.406" classname="com.jostens.qa.testcases.DShoppingCartPageTest"/>
  <system-out/>
  <testcase name="addProductToCartTest" time="1.530" classname="com.jostens.qa.testcases.DShoppingCartPageTest"/>
  <system-out/>
  <testcase name="addProductToCartTest" time="5.753" classname="com.jostens.qa.testcases.DShoppingCartPageTest"/>
  <system-out/>
</testsuite> <!-- com.jostens.qa.testcases.DShoppingCartPageTest -->
